1779784807886:hello
1779784882975:hello world
1779784897452:hello arnav
1779785030677:hello
1779785097573:hello test
1779786519393:tasks-add "water the plants" "please water the plants every 2 hours"
1779786695630:tasks-add "water plants" "Every 2 hours"
1779786696332:;
1779786711249:tasks-add "water plants" "Every 2 hours"
1779791725858:tasks-add
1779791741079:hello
1779792980650:tasks-add "water plants" "Every 2 hours"
1780387717555:tasks-add "latest" "complete project"
1780387770214:task help
1780393952715:help tasks-add
1780636670368:tasks-add "delete task" ""
1780636700863:tasks-delete "delete task"
1780755951794:task-delete "delete task"
1780755979362:tasks-delete "delete task"
1780917250989:tasks add "delete task" "please remove this"
1780917261757:tasks delete "delete task"
1780917273165:tasks add "delete task" "please remove this"
1780917284683:asks delete "delete task"
1780917289679:tasks delete "delete task"
1780932875756:tasks add --description "Water the plants" --createdAt "12:30" --updatedAt "12:30"
1780936795582:tasks add --description "water the plants" --createdAt "12:30" --updatedAt "12:30"
1780936893073:tasks add --description "water the plants" --createdAt "adfd" --updatedAt "asfas"
1780938453334:if (tasksNode == null || !tasksNode.isArray() || tasksNode.size() == 0) {
1780938463285:tasks add --description "water the plants" --createdAt "adfd" --updatedAt "asfas"
1781001773384:tasks add --description "new task do all"
1781002252809:tasks add "new task added to the file"
1781005033889:tasks add "new task added to the list"
1781070848303:tasks add --description "tasks to be deleted"
1781070872208:tasks delete 3
1781070982259:tasks add "delete task 1"
1781070990892:tasks add "delete tasks 2"
1781071002215:tasks delete 3
1781071671865:tasks delete 1
1781071678806:tasks delete 2
1781071683843:tasks delete 4
1781447796099:tasks add "task 1" "water the plants"
1781447814621:tasks add "task 2" "cook food"
1781447847715:tasks add "delete task 1" "task to be deleted"
1781447885190:tasks add "delete task 2" "task to be deleted"
1781447908310:tasks delete [3,4]
1781448329534:tasks delete 3 4
1781448363040:tasks add "delete 3" "task to be deleted"
1781448371684:tasks add "delete 4" "task to be deleted"
1781448416602:tasks delete 3 4
1781458594820:task update 2
1781458700889:tasks add "repair tv"
1781458718921:tasks update 3
1781458727674:task update 3
1781543102025:task update-next 3
1781543513534:task update 2 "in-progress"
1781544055751:task update-next 3
1781544207596:task update 2 "in-progress"
1781593913247:task status-update 1 "todo"
1781593946877:task status-update 1
1781593962185:task status-update 2
1781594136776:task update-status 1 "working"
1781624074512:tasks list
1781626805097:task update-status 1 "todo"
1781626821787:task update-status 2 "in-progress"
1781626837437:task update-status 3 "done"
1781626867544:tasks add "new task 3"
1781626877777:task add "new task 3"
1781626896647:task list
1781626901310:tasks list
1781626918307:tasks list "todo"
1781626942678:task update-status 4
1781626954376:tasks list "in-progress"
1781627207703:tasks list "not done"
1781627614028:task delete 3
1781627912695:tasks delete 2
1781627944545:task add "new task 1"
1781627953970:task add "new task 2"
1781627979456:tasks delete 2
1781628003754:tasks delete 1
1781628032205:tasks add "apple cutting"
1781628054704:task add "apple cutting"
1781628066905:task add "make fruit juice"
1781628079923:tasks list "todo"
1781628096429:tasks delete "1"
